<?xml version='1.0' encoding='UTF-8'?>
<testsuite hostname="tcs5481" name="SClientSpec" tests="1" errors="0" failures="1" skipped="0" time="10.036">
                     <properties>
[...]
</properties>
                     <testcase classname="SClientSpec" name="akkademyDbClient should set a value" time="10.036">
                                                 <failure message="Futures timed out after [10 seconds]" type="java.util.concurrent.TimeoutException">java.util.concurrent.TimeoutException: Futures timed out after [10 seconds]
	at scala.concurrent.impl.Promise$DefaultPromise.ready(Promise.scala:255)
	at scala.concurrent.impl.Promise$DefaultPromise.result(Promise.scala:259)
	at scala.concurrent.Await$.$anonfun$result$1(package.scala:215)
	at scala.concurrent.BlockContext$DefaultBlockContext$.blockOn(BlockContext.scala:53)
	at scala.concurrent.Await$.result(package.scala:142)
	at SClientSpec.$anonfun$new$2(SClientSpec.scala:11)
	at org.scalatest.OutcomeOf.outcomeOf(OutcomeOf.scala:85)
	at org.scalatest.OutcomeOf.outcomeOf$(OutcomeOf.scala:83)
	at org.scalatest.OutcomeOf$.outcomeOf(OutcomeOf.scala:104)
	at org.scalatest.Transformer.apply(Transformer.scala:22)
	at org.scalatest.Transformer.apply(Transformer.scala:20)
	at org.scalatest.FunSpecLike$$anon$1.apply(FunSpecLike.scala:454)
	at org.scalatest.TestSuite.withFixture(TestSuite.scala:196)
	at org.scalatest.TestSuite.withFixture$(TestSuite.scala:195)
	at SClientSpec.withFixture(SClientSpec.scala:5)
	at org.scalatest.FunSpecLike.invokeWithFixture$1(FunSpecLike.scala:452)
	at org.scalatest.FunSpecLike.$anonfun$runTest$1(FunSpecLike.scala:464)
	at org.scalatest.SuperEngine.runTestImpl(Engine.scala:289)
	at org.scalatest.FunSpecLike.runTest(FunSpecLike.scala:464)
	at org.scalatest.FunSpecLike.runTest$(FunSpecLike.scala:446)
	at SClientSpec.runTest(SClientSpec.scala:5)
	at org.scalatest.FunSpecLike.$anonfun$runTests$1(FunSpecLike.scala:497)
	at org.scalatest.SuperEngine.$anonfun$runTestsInBranch$1(Engine.scala:396)
	at scala.collection.immutable.List.foreach(List.scala:389)
	at org.scalatest.SuperEngine.traverseSubNodes$1(Engine.scala:384)
	at org.scalatest.SuperEngine.runTestsInBranch(Engine.scala:373)
	at org.scalatest.SuperEngine.$anonfun$runTestsInBranch$1(Engine.scala:410)
	at scala.collection.immutable.List.foreach(List.scala:389)
	at org.scalatest.SuperEngine.traverseSubNodes$1(Engine.scala:384)
	at org.scalatest.SuperEngine.runTestsInBranch(Engine.scala:379)
	at org.scalatest.SuperEngine.runTestsImpl(Engine.scala:461)
	at org.scalatest.FunSpecLike.runTests(FunSpecLike.scala:497)
	at org.scalatest.FunSpecLike.runTests$(FunSpecLike.scala:496)
	at SClientSpec.runTests(SClientSpec.scala:5)
	at org.scalatest.Suite.run(Suite.scala:1147)
	at org.scalatest.Suite.run$(Suite.scala:1129)
	at SClientSpec.org$scalatest$FunSpecLike$$super$run(SClientSpec.scala:5)
	at org.scalatest.FunSpecLike.$anonfun$run$1(FunSpecLike.scala:501)
	at org.scalatest.SuperEngine.runImpl(Engine.scala:521)
	at org.scalatest.FunSpecLike.run(FunSpecLike.scala:501)
	at org.scalatest.FunSpecLike.run$(FunSpecLike.scala:500)
	at SClientSpec.run(SClientSpec.scala:5)
	at org.scalatest.tools.Framework.org$scalatest$tools$Framework$$runSuite(Framework.scala:314)
	at org.scalatest.tools.Framework$ScalaTestTask.execute(Framework.scala:507)
	at sbt.TestRunner.runTest$1(TestFramework.scala:76)
	at sbt.TestRunner.run(TestFramework.scala:85)
	at sbt.TestFramework$$anon$2$$anonfun$$init$$1$$anonfun$apply$8.apply(TestFramework.scala:202)
	at sbt.TestFramework$$anon$2$$anonfun$$init$$1$$anonfun$apply$8.apply(TestFramework.scala:202)
	at sbt.TestFramework$.sbt$TestFramework$$withContextLoader(TestFramework.scala:185)
	at sbt.TestFramework$$anon$2$$anonfun$$init$$1.apply(TestFramework.scala:202)
	at sbt.TestFramework$$anon$2$$anonfun$$init$$1.apply(TestFramework.scala:202)
	at sbt.TestFunction.apply(TestFramework.scala:207)
	at sbt.Tests$$anonfun$9.apply(Tests.scala:216)
	at sbt.Tests$$anonfun$9.apply(Tests.scala:216)
	at sbt.std.Transform$$anon$3$$anonfun$apply$2.apply(System.scala:44)
	at sbt.std.Transform$$anon$3$$anonfun$apply$2.apply(System.scala:44)
	at sbt.std.Transform$$anon$4.work(System.scala:63)
	at sbt.Execute$$anonfun$submit$1$$anonfun$apply$1.apply(Execute.scala:228)
	at sbt.Execute$$anonfun$submit$1$$anonfun$apply$1.apply(Execute.scala:228)
	at sbt.ErrorHandling$.wideConvert(ErrorHandling.scala:17)
	at sbt.Execute.work(Execute.scala:237)
	at sbt.Execute$$anonfun$submit$1.apply(Execute.scala:228)
	at sbt.Execute$$anonfun$submit$1.apply(Execute.scala:228)
	at sbt.ConcurrentRestrictions$$anon$4$$anonfun$1.apply(ConcurrentRestrictions.scala:159)
	at sbt.CompletionService$$anon$2.call(CompletionService.scala:28)
	at java.util.concurrent.FutureTask.run(FutureTask.java:266)
	at java.util.concurrent.Executors$RunnableAdapter.call(Executors.java:511)
	at java.util.concurrent.FutureTask.run(FutureTask.java:266)
	at java.util.concurrent.ThreadPoolExecutor.runWorker(ThreadPoolExecutor.java:1142)
	at java.util.concurrent.ThreadPoolExecutor$Worker.run(ThreadPoolExecutor.java:617)
	at java.lang.Thread.run(Thread.java:745)
</failure>
                                               </testcase>
                     <system-out></system-out>
                     <system-err></system-err>
                   </testsuite>